<?xml version="1.0" encoding="UTF-8"?>
<configuration>
    <property name="test" value="value"/>
</configuration>
